<TestRun xmlns="http://microsoft.com/schemas/VisualStudio/TeamTest/2010" id="41350bf9-a95e-4630-94c9-b2bcf1824d92" name="Bidyashrees-MacBook-Pro.local\bidyashreepaul 2025-02-14T20:53:25.776Z" runUser="Bidyashrees-MacBook-Pro.local\bidyashreepaul">
<ResultSummary outcome="Completed">
<Counters total="2" executed="2" passed="2" failed="0" error="0" timeout="0" aborted="0" inconclusive="0" passedButRunAborted="0" notRunnable="0" notExecuted="0" disconnected="0" warning="0" completed="0" inProgress="0" pending="0"/>
</ResultSummary>
<Results>
<UnitTestResult testName="chromium &gt; example2.spec.ts &gt; has title" testType="13cdc9d9-ddb5-4fa4-a97d-d965ccfc6d4b" testId="79a77a00-b78b-5a75-ae4f-2f966963a55c" executionId="713cf307-0dd4-4d41-ba65-cff699cbe170" testListId="8c84fa94-04c1-424b-9868-57a2d4851a1d" outcome="Passed" computerName="Bidyashrees-MacBook-Pro.local" startTime="2025-02-14T20:53:26.056Z" endTime="2025-02-14T20:53:30.412Z" duration="00:00:04.356"/>
<UnitTestResult testName="chromium &gt; example2.spec.ts &gt; has title2" testType="13cdc9d9-ddb5-4fa4-a97d-d965ccfc6d4b" testId="27cbbfbc-86f3-53c7-af15-993ccad35554" executionId="afcb2066-de4d-4b2a-aaa3-1162eddaaad0" testListId="8c84fa94-04c1-424b-9868-57a2d4851a1d" outcome="Passed" computerName="Bidyashrees-MacBook-Pro.local" startTime="2025-02-14T20:53:31.730Z" endTime="2025-02-14T20:53:34.621Z" duration="00:00:02.891"/>
</Results>
<TestDefinitions>
<UnitTest id="79a77a00-b78b-5a75-ae4f-2f966963a55c" name="chromium &gt; example2.spec.ts &gt; chromium &gt; example2.spec.ts &gt; has title" storage="/Users/bidyashreepaul/Documents/repos/tests/example2.spec.ts">
<Execution id="713cf307-0dd4-4d41-ba65-cff699cbe170"/>
<TestMethod className="chromium &gt; example2.spec.ts" codeBase="/Users/bidyashreepaul/Documents/repos/tests/example2.spec.ts" name="chromium &gt; example2.spec.ts &gt; has title"/>
</UnitTest>
<UnitTest id="27cbbfbc-86f3-53c7-af15-993ccad35554" name="chromium &gt; example2.spec.ts &gt; chromium &gt; example2.spec.ts &gt; has title2" storage="/Users/bidyashreepaul/Documents/repos/tests/example2.spec.ts">
<Execution id="afcb2066-de4d-4b2a-aaa3-1162eddaaad0"/>
<TestMethod className="chromium &gt; example2.spec.ts" codeBase="/Users/bidyashreepaul/Documents/repos/tests/example2.spec.ts" name="chromium &gt; example2.spec.ts &gt; has title2"/>
</UnitTest>
</TestDefinitions>
<TestEntries>
<TestEntry testId="79a77a00-b78b-5a75-ae4f-2f966963a55c" executionId="713cf307-0dd4-4d41-ba65-cff699cbe170" testListId="8c84fa94-04c1-424b-9868-57a2d4851a1d"/>
<TestEntry testId="27cbbfbc-86f3-53c7-af15-993ccad35554" executionId="afcb2066-de4d-4b2a-aaa3-1162eddaaad0" testListId="8c84fa94-04c1-424b-9868-57a2d4851a1d"/>
</TestEntries>
<TestLists>
<TestList id="8c84fa94-04c1-424b-9868-57a2d4851a1d" name="Results Not in a List"/>
<TestList id="19431567-8539-422a-85d7-44ee4e166bda" name="All Loaded Results"/>
</TestLists>
<Times creation="2025-02-14T20:53:25.776Z" finish="2025-02-14T20:53:34.708Z"/>
</TestRun>