<TestRun xmlns="http://microsoft.com/schemas/VisualStudio/TeamTest/2010" id="79989e20-471f-4ccb-9d81-f166ca84c738" name="Bidyashrees-MacBook-Pro.local\bidyashreepaul 2025-02-09T11:55:52.373Z" runUser="Bidyashrees-MacBook-Pro.local\bidyashreepaul">
<ResultSummary outcome="Completed">
<Counters total="1" executed="1" passed="1" failed="0" error="0" timeout="0" aborted="0" inconclusive="0" passedButRunAborted="0" notRunnable="0" notExecuted="0" disconnected="0" warning="0" completed="0" inProgress="0" pending="0"/>
</ResultSummary>
<Results>
<UnitTestResult testName="setup &gt; mysetup.setup.ts &gt; do something" testType="13cdc9d9-ddb5-4fa4-a97d-d965ccfc6d4b" testId="05a1112b-a984-544b-8957-e153fa665a43" executionId="b9345162-60e0-4b8c-85a3-2130e9c268f0" testListId="8c84fa94-04c1-424b-9868-57a2d4851a1d" outcome="Passed" computerName="Bidyashrees-MacBook-Pro.local" startTime="2025-02-09T11:55:52.642Z" endTime="2025-02-09T11:55:55.443Z" duration="00:00:02.801">
<Output>
<StdOut>
<![CDATA[ =========== setup
]]>
</StdOut>
</Output>
<ResultFiles>
<ResultFile path="/Users/bidyashreepaul/Documents/repos/output/mysetup.setup.ts-do-something-setup/trace.zip"/>
</ResultFiles>
</UnitTestResult>
</Results>
<TestDefinitions>
<UnitTest id="05a1112b-a984-544b-8957-e153fa665a43" name="setup &gt; mysetup.setup.ts &gt; setup &gt; mysetup.setup.ts &gt; do something" storage="/Users/bidyashreepaul/Documents/repos/tests/mysetup.setup.ts">
<Execution id="b9345162-60e0-4b8c-85a3-2130e9c268f0"/>
<TestMethod className="setup &gt; mysetup.setup.ts" codeBase="/Users/bidyashreepaul/Documents/repos/tests/mysetup.setup.ts" name="setup &gt; mysetup.setup.ts &gt; do something"/>
</UnitTest>
</TestDefinitions>
<TestEntries>
<TestEntry testId="05a1112b-a984-544b-8957-e153fa665a43" executionId="b9345162-60e0-4b8c-85a3-2130e9c268f0" testListId="8c84fa94-04c1-424b-9868-57a2d4851a1d"/>
</TestEntries>
<TestLists>
<TestList id="8c84fa94-04c1-424b-9868-57a2d4851a1d" name="Results Not in a List"/>
<TestList id="19431567-8539-422a-85d7-44ee4e166bda" name="All Loaded Results"/>
</TestLists>
<Times creation="2025-02-09T11:55:52.373Z" finish="2025-02-09T11:55:56.822Z"/>
</TestRun>